[2025-07-02T17:59:39.453961] File missing: C:\Users\acer\OneDrive\Desktop\fim_pki_tool\warsh.txt
[2025-07-02T17:59:49.455245] File missing: C:\Users\acer\OneDrive\Desktop\fim_pki_tool\waars.txt
[2025-07-02T18:01:19.756158] File registered: /home/md/Desktop/Coursework/fim_pki_tool/waaris by waaris
[2025-07-02T18:01:25.904890] File missing: C:\Users\acer\OneDrive\Desktop\fim_pki_tool\hahah.txt
[2025-07-02T18:01:35.907143] File missing: C:\Users\acer\OneDrive\Desktop\fim_pki_tool\banjarukhhhh.txt
[2025-07-02T18:01:45.909431] File missing: C:\Users\acer\OneDrive\Desktop\fim_pki_tool\chaljaaa.txt
[2025-07-02T18:01:55.911657] File missing: C:\Users\acer\OneDrive\Desktop\fim_pki_tool\abeyyy.txt
[2025-07-02T18:01:55.912685] Integrity alert: /home/md/Desktop/Coursework/fim_pki_tool/waaris compromised.
[2025-07-02T18:02:05.920596] File missing: C:\Users\acer\OneDrive\Desktop\fim_pki_tool\aalu.txt
[2025-07-02T18:02:05.921577] Integrity alert: /home/md/Desktop/Coursework/fim_pki_tool/waaris compromised.
[2025-07-02T18:02:15.922197] File missing: C:\Users\acer\OneDrive\Desktop\fim_pki_tool\kalu.txt
[2025-07-02T18:02:25.923699] File missing: C:\Users\acer\OneDrive\Desktop\fim_pki_tool\bhal.txt
[2025-07-02T18:13:23.980978] File registered: /home/md/Desktop/Coursework/fim_pki_tool/koka_cola by waaris
[2025-07-02T18:13:40.618910] File missing: C:\Users\acer\OneDrive\Desktop\fim_pki_tool\ashraya.txt
[2025-07-02T18:13:50.621849] File missing: C:\Users\acer\OneDrive\Desktop\fim_pki_tool\aakash.txt
[2025-07-02T18:14:00.624176] File missing: C:\Users\acer\OneDrive\Desktop\fim_pki_tool\pratyush.txt
[2025-07-03T08:32:27.036932] File missing: C:\Users\acer\OneDrive\Desktop\fim_pki_tool\aayush.txt
[2025-07-03T08:32:37.039700] File missing: C:\Users\acer\OneDrive\Desktop\fim_pki_tool\ptritam.txt
[2025-07-03T08:34:23.602037] File registered: /home/md/Desktop/Coursework/fim_pki_tool/waaris by waaris
[2025-07-03T08:35:22.282282] File registered: /home/md/Desktop/Coursework/fim_pki_tool/koka_cola by lakalaka
[2025-07-04T02:30:20.571108] File registered: /home/md/Desktop/Coursework/latest/fim_pki_tool/arsir by arbind_sir
[2025-07-04T02:31:03.621730] Integrity alert: /home/md/Desktop/Coursework/latest/fim_pki_tool/arsir compromised.
[2025-07-04T02:31:13.624866] Integrity alert: /home/md/Desktop/Coursework/latest/fim_pki_tool/arsir compromised.
[2025-07-04T02:36:12.615034] Integrity alert: /home/md/Desktop/Coursework/latest/fim_pki_tool/arsir compromised.
[2025-07-04T02:36:22.617528] Integrity alert: /home/md/Desktop/Coursework/latest/fim_pki_tool/arsir compromised.
[2025-07-06T12:05:29.920310] Integrity alert: /home/md/Desktop/Coursework/latest/fim_pki_tool/arsir compromised.
[2025-07-06T12:05:39.923015] Integrity alert: /home/md/Desktop/Coursework/latest/fim_pki_tool/arsir compromised.
[2025-07-06T12:05:49.925376] Integrity alert: /home/md/Desktop/Coursework/latest/fim_pki_tool/arsir compromised.
[2025-07-06T12:05:59.927474] Integrity alert: /home/md/Desktop/Coursework/latest/fim_pki_tool/arsir compromised.
[2025-07-06T12:06:09.929652] Integrity alert: /home/md/Desktop/Coursework/latest/fim_pki_tool/arsir compromised.
[2025-07-09T08:29:33.187164] Integrity alert: /home/md/Desktop/Coursework/latest/fim_pki_tool/arsir compromised.
[2025-07-09T08:29:43.190580] Integrity alert: /home/md/Desktop/Coursework/latest/fim_pki_tool/arsir compromised.
[2025-07-09T08:31:55.725420] File registered: /home/md/Desktop/Coursework/latest/fim_pki_tool/laka by lakalaka
[2025-07-09T08:32:02.292294] Integrity alert: /home/md/Desktop/Coursework/latest/fim_pki_tool/arsir compromised.
[2025-07-09T08:32:12.295565] Integrity alert: /home/md/Desktop/Coursework/latest/fim_pki_tool/arsir compromised.
[2025-07-09T08:32:22.299374] Integrity alert: /home/md/Desktop/Coursework/latest/fim_pki_tool/arsir compromised.
[2025-07-09T08:32:22.299998] Integrity alert: /home/md/Desktop/Coursework/latest/fim_pki_tool/laka compromised.
[2025-07-09T08:33:22.806955] Integrity alert: /home/md/Desktop/Coursework/latest/fim_pki_tool/laka compromised.
[2025-07-09T08:33:32.810984] Integrity alert: /home/md/Desktop/Coursework/latest/fim_pki_tool/laka compromised.
[2025-07-09T08:35:03.688593] Integrity alert: /home/md/Desktop/Coursework/latest/fim_pki_tool/arsir compromised.
[2025-07-09T08:35:03.689240] Integrity alert: /home/md/Desktop/Coursework/latest/fim_pki_tool/laka compromised.
[2025-07-09T08:35:19.270458] Integrity alert: /home/md/Desktop/Coursework/latest/fim_pki_tool/laka compromised.
[2025-07-09T08:35:38.799374] Integrity alert: /home/md/Desktop/Coursework/latest/fim_pki_tool/laka compromised.
[2025-07-09T08:35:48.803122] Integrity alert: /home/md/Desktop/Coursework/latest/fim_pki_tool/laka compromised.
[2025-07-09T08:50:10.754555] CREATED: /home/md/Desktop/Coursework/latest/fim_pki_tool/test/.testing.swp
[2025-07-09T08:50:10.754766] MODIFIED: /home/md/Desktop/Coursework/latest/fim_pki_tool/test/.testing.swp
[2025-07-09T08:50:11.739461] DELETED: /home/md/Desktop/Coursework/latest/fim_pki_tool/test/.testing.swp
[2025-07-09T08:50:11.739683] CREATED: /home/md/Desktop/Coursework/latest/fim_pki_tool/test/.testing.swp
[2025-07-09T08:50:11.739834] MODIFIED: /home/md/Desktop/Coursework/latest/fim_pki_tool/test/.testing.swp
[2025-07-09T08:50:14.023850] CREATED: /home/md/Desktop/Coursework/latest/fim_pki_tool/test/testing
[2025-07-09T08:50:14.024272] MODIFIED: /home/md/Desktop/Coursework/latest/fim_pki_tool/test/testing
[2025-07-09T08:50:14.213651] DELETED: /home/md/Desktop/Coursework/latest/fim_pki_tool/test/.testing.swp
[2025-07-09T08:50:43.217977] DELETED: /home/md/Desktop/Coursework/latest/fim_pki_tool/test/testing
[2025-07-09T08:51:44.430141] MODIFIED: /home/md/Desktop/Coursework/latest/fim_pki_tool/test/trying
[2025-07-09T08:51:57.542580] MODIFIED: /home/md/Desktop/Coursework/latest/fim_pki_tool/test/trying
[2025-07-09T08:58:08.057740] File registered: /home/md/Desktop/Coursework/latest/fim_pki_tool/prb by prasanna
[2025-07-09T08:59:44.469879] Integrity alert: /home/md/Desktop/Coursework/latest/fim_pki_tool/prb compromised.
[2025-07-09T08:59:54.474576] Integrity alert: /home/md/Desktop/Coursework/latest/fim_pki_tool/prb compromised.
[2025-07-09T09:00:04.479184] Integrity alert: /home/md/Desktop/Coursework/latest/fim_pki_tool/prb compromised.
[2025-07-09T09:00:14.483958] Integrity alert: /home/md/Desktop/Coursework/latest/fim_pki_tool/prb compromised.
[2025-07-09T09:00:24.488711] Integrity alert: /home/md/Desktop/Coursework/latest/fim_pki_tool/prb compromised.
[2025-07-09T09:00:34.493702] Integrity alert: /home/md/Desktop/Coursework/latest/fim_pki_tool/prb compromised.
[2025-07-09T09:00:44.498106] Integrity alert: /home/md/Desktop/Coursework/latest/fim_pki_tool/prb compromised.
[2025-07-09T09:00:54.503754] Integrity alert: /home/md/Desktop/Coursework/latest/fim_pki_tool/prb compromised.
[2025-07-09T09:01:04.508481] Integrity alert: /home/md/Desktop/Coursework/latest/fim_pki_tool/prb compromised.
[2025-07-09T09:01:14.513185] Integrity alert: /home/md/Desktop/Coursework/latest/fim_pki_tool/prb compromised.
[2025-07-09T09:01:24.517742] Integrity alert: /home/md/Desktop/Coursework/latest/fim_pki_tool/prb compromised.
[2025-07-09T09:01:29.480360] CREATED: /home/md/Desktop/Coursework/latest/fim_pki_tool/Neekita/.virus.swp
[2025-07-09T09:01:29.480574] MODIFIED: /home/md/Desktop/Coursework/latest/fim_pki_tool/Neekita/.virus.swp
[2025-07-09T09:01:30.350332] DELETED: /home/md/Desktop/Coursework/latest/fim_pki_tool/Neekita/.virus.swp
[2025-07-09T09:01:30.350615] CREATED: /home/md/Desktop/Coursework/latest/fim_pki_tool/Neekita/.virus.swp
[2025-07-09T09:01:30.350912] MODIFIED: /home/md/Desktop/Coursework/latest/fim_pki_tool/Neekita/.virus.swp
[2025-07-09T09:01:31.751369] CREATED: /home/md/Desktop/Coursework/latest/fim_pki_tool/Neekita/virus
[2025-07-09T09:01:31.751606] MODIFIED: /home/md/Desktop/Coursework/latest/fim_pki_tool/Neekita/virus
[2025-07-09T09:01:32.224440] DELETED: /home/md/Desktop/Coursework/latest/fim_pki_tool/Neekita/.virus.swp
[2025-07-09T09:01:34.522295] Integrity alert: /home/md/Desktop/Coursework/latest/fim_pki_tool/prb compromised.
[2025-07-09T09:01:44.526843] Integrity alert: /home/md/Desktop/Coursework/latest/fim_pki_tool/prb compromised.
[2025-07-09T09:01:54.531573] Integrity alert: /home/md/Desktop/Coursework/latest/fim_pki_tool/prb compromised.
[2025-07-09T09:02:04.536083] Integrity alert: /home/md/Desktop/Coursework/latest/fim_pki_tool/prb compromised.
